
-------------------------------------------------------
 T E S T S
-------------------------------------------------------
Running com.pluralsight.Module1_Task1_IT
Tests run: 1, Failures: 1, Errors: 0, Skipped: 0, Time elapsed: 0.91 sec <<< FAILURE! - in com.pluralsight.Module1_Task1_IT
module1_task1(com.pluralsight.Module1_Task1_IT)  Time elapsed: 0.909 sec  <<< FAILURE!
java.lang.AssertionError: The Delete anchor's href does not contain the id.
	at org.junit.Assert.fail(Assert.java:88)
	at org.junit.Assert.assertTrue(Assert.java:41)
	at com.pluralsight.Module1_Task1_IT.url_contains_id(Module1_Task1_IT.java:53)
	at com.pluralsight.Module1_Task1_IT.module1_task1(Module1_Task1_IT.java:38)

Running com.pluralsight.Module1_Task2_IT
Tests run: 1, Failures: 1, Errors: 0, Skipped: 0, Time elapsed: 0.001 sec <<< FAILURE! - in com.pluralsight.Module1_Task2_IT
module1_task2(com.pluralsight.Module1_Task2_IT)  Time elapsed: 0 sec  <<< FAILURE!
java.lang.AssertionError: private void deleteBook() does not exist in ControllerServlet
	at org.junit.Assert.fail(Assert.java:88)
	at org.junit.Assert.assertTrue(Assert.java:41)
	at org.junit.Assert.assertNotNull(Assert.java:712)
	at com.pluralsight.Module1_Task2_IT.module1_task2(Module1_Task2_IT.java:39)

Running com.pluralsight.Module1_Task3_IT
Tests run: 1, Failures: 1, Errors: 0, Skipped: 0, Time elapsed: 1.21 sec <<< FAILURE! - in com.pluralsight.Module1_Task3_IT
module1_task3(com.pluralsight.Module1_Task3_IT)  Time elapsed: 0.981 sec  <<< FAILURE!
java.lang.AssertionError: After action "/delete", did not call deleteBook().
	at org.junit.Assert.fail(Assert.java:88)
	at org.junit.Assert.assertTrue(Assert.java:41)
	at com.pluralsight.Module1_Task3_IT.module1_task3(Module1_Task3_IT.java:55)

Running com.pluralsight.Module1_Task4_IT
Tests run: 1, Failures: 1, Errors: 0, Skipped: 0, Time elapsed: 0 sec <<< FAILURE! - in com.pluralsight.Module1_Task4_IT
module1_task4(com.pluralsight.Module1_Task4_IT)  Time elapsed: 0 sec  <<< FAILURE!
java.lang.AssertionError: The method deleteBook() doesn't exist in BookDAO.java.
	at org.junit.Assert.fail(Assert.java:88)
	at org.junit.Assert.assertTrue(Assert.java:41)
	at org.junit.Assert.assertNotNull(Assert.java:712)
	at com.pluralsight.Module1_Task4_IT.module1_task4(Module1_Task4_IT.java:23)

Running com.pluralsight.Module1_Task5_IT
Tests run: 1, Failures: 1, Errors: 0, Skipped: 0, Time elapsed: 0.827 sec <<< FAILURE! - in com.pluralsight.Module1_Task5_IT
module1_task5(com.pluralsight.Module1_Task5_IT)  Time elapsed: 0.779 sec  <<< FAILURE!
java.lang.AssertionError: The method deleteBook() doesn't exist in BookDAO.java.
	at org.junit.Assert.fail(Assert.java:88)
	at org.junit.Assert.assertTrue(Assert.java:41)
	at org.junit.Assert.assertNotNull(Assert.java:712)
	at com.pluralsight.Module1_Task5_IT.module1_task5(Module1_Task5_IT.java:46)

Running com.pluralsight.Module1_Task6_IT
Tests run: 1, Failures: 1, Errors: 0, Skipped: 0, Time elapsed: 0.77 sec <<< FAILURE! - in com.pluralsight.Module1_Task6_IT
module1_task6(com.pluralsight.Module1_Task6_IT)  Time elapsed: 0.714 sec  <<< FAILURE!
java.lang.AssertionError: The method deleteBook() doesn't exist in BookDAO.java.
	at org.junit.Assert.fail(Assert.java:88)
	at org.junit.Assert.assertTrue(Assert.java:41)
	at org.junit.Assert.assertNotNull(Assert.java:712)
	at com.pluralsight.Module1_Task6_IT.module1_task6(Module1_Task6_IT.java:48)

Running com.pluralsight.Module1_Task7_and_8_IT
Tests run: 2, Failures: 2, Errors: 0, Skipped: 0, Time elapsed: 0.214 sec <<< FAILURE! - in com.pluralsight.Module1_Task7_and_8_IT
module1_task7(com.pluralsight.Module1_Task7_and_8_IT)  Time elapsed: 0.049 sec  <<< FAILURE!
java.lang.AssertionError: private void deleteBook() does not exist in ControllerServlet
	at org.junit.Assert.fail(Assert.java:88)
	at org.junit.Assert.assertTrue(Assert.java:41)
	at org.junit.Assert.assertNotNull(Assert.java:712)
	at com.pluralsight.Module1_Task7_and_8_IT.setUp(Module1_Task7_and_8_IT.java:60)

module1_task8(com.pluralsight.Module1_Task7_and_8_IT)  Time elapsed: 0.002 sec  <<< FAILURE!
java.lang.AssertionError: private void deleteBook() does not exist in ControllerServlet
	at org.junit.Assert.fail(Assert.java:88)
	at org.junit.Assert.assertTrue(Assert.java:41)
	at org.junit.Assert.assertNotNull(Assert.java:712)
	at com.pluralsight.Module1_Task7_and_8_IT.setUp(Module1_Task7_and_8_IT.java:60)

Running com.pluralsight.Module2_Task11_thru_14_IT
Tests run: 4, Failures: 4, Errors: 0, Skipped: 0, Time elapsed: 0.112 sec <<< FAILURE! - in com.pluralsight.Module2_Task11_thru_14_IT
module2_task11(com.pluralsight.Module2_Task11_thru_14_IT)  Time elapsed: 0.036 sec  <<< FAILURE!
java.lang.AssertionError: Form is null.
	at org.junit.Assert.fail(Assert.java:88)
	at org.junit.Assert.assertTrue(Assert.java:41)
	at org.junit.Assert.assertNotNull(Assert.java:712)
	at com.pluralsight.Module2_Task11_thru_14_IT.module2_task11(Module2_Task11_thru_14_IT.java:53)

module2_task12(com.pluralsight.Module2_Task11_thru_14_IT)  Time elapsed: 0.023 sec  <<< FAILURE!
java.lang.AssertionError: Form is null.
	at org.junit.Assert.fail(Assert.java:88)
	at org.junit.Assert.assertTrue(Assert.java:41)
	at org.junit.Assert.assertNotNull(Assert.java:712)
	at com.pluralsight.Module2_Task11_thru_14_IT.module2_task12(Module2_Task11_thru_14_IT.java:76)

module2_task13(com.pluralsight.Module2_Task11_thru_14_IT)  Time elapsed: 0.026 sec  <<< FAILURE!
java.lang.AssertionError: Form is null.
	at org.junit.Assert.fail(Assert.java:88)
	at org.junit.Assert.assertTrue(Assert.java:41)
	at org.junit.Assert.assertNotNull(Assert.java:712)
	at com.pluralsight.Module2_Task11_thru_14_IT.module2_task13(Module2_Task11_thru_14_IT.java:91)

module2_task14(com.pluralsight.Module2_Task11_thru_14_IT)  Time elapsed: 0.023 sec  <<< FAILURE!
java.lang.AssertionError: Form is null.
	at org.junit.Assert.fail(Assert.java:88)
	at org.junit.Assert.assertTrue(Assert.java:41)
	at org.junit.Assert.assertNotNull(Assert.java:712)
	at com.pluralsight.Module2_Task11_thru_14_IT.module2_task14(Module2_Task11_thru_14_IT.java:107)

Running com.pluralsight.Module2_Task1_IT
Tests run: 1, Failures: 1, Errors: 0, Skipped: 0, Time elapsed: 0 sec <<< FAILURE! - in com.pluralsight.Module2_Task1_IT
module2_task1(com.pluralsight.Module2_Task1_IT)  Time elapsed: 0 sec  <<< FAILURE!
java.lang.AssertionError: private void showEditForm() does not exist in ControllerServlet
	at org.junit.Assert.fail(Assert.java:88)
	at org.junit.Assert.assertTrue(Assert.java:41)
	at org.junit.Assert.assertNotNull(Assert.java:712)
	at com.pluralsight.Module2_Task1_IT.module2_task1(Module2_Task1_IT.java:39)

Running com.pluralsight.Module2_Task2_IT
Tests run: 1, Failures: 1, Errors: 0, Skipped: 0, Time elapsed: 0.939 sec <<< FAILURE! - in com.pluralsight.Module2_Task2_IT
module1_task2(com.pluralsight.Module2_Task2_IT)  Time elapsed: 0.732 sec  <<< FAILURE!
java.lang.AssertionError: After action "/edit", did not call showEditForm().
	at org.junit.Assert.fail(Assert.java:88)
	at org.junit.Assert.assertTrue(Assert.java:41)
	at com.pluralsight.Module2_Task2_IT.module1_task2(Module2_Task2_IT.java:55)

Running com.pluralsight.Module2_Task3_thru_6_IT
java.lang.NullPointerException
	at com.pluralsight.ControllerServlet.listBooks(ControllerServlet.java:96)
	at com.pluralsight.ControllerServlet.doGet(ControllerServlet.java:72)
	at com.pluralsight.Module2_Task3_thru_6_IT.setUp(Module2_Task3_thru_6_IT.java:54)
	at sun.reflect.NativeMethodAccessorImpl.invoke0(Native Method)
	at sun.reflect.NativeMethodAccessorImpl.invoke(NativeMethodAccessorImpl.java:62)
	at sun.reflect.DelegatingMethodAccessorImpl.invoke(DelegatingMethodAccessorImpl.java:43)
	at java.lang.reflect.Method.invoke(Method.java:498)
	at org.junit.runners.model.FrameworkMethod$1.runReflectiveCall(FrameworkMethod.java:50)
	at org.junit.internal.runners.model.ReflectiveCallable.run(ReflectiveCallable.java:12)
	at org.junit.runners.model.FrameworkMethod.invokeExplosively(FrameworkMethod.java:47)
	at org.junit.internal.runners.statements.RunBefores.evaluate(RunBefores.java:24)
	at org.junit.runners.ParentRunner.runLeaf(ParentRunner.java:325)
	at org.junit.runners.BlockJUnit4ClassRunner.runChild(BlockJUnit4ClassRunner.java:78)
	at org.junit.runners.BlockJUnit4ClassRunner.runChild(BlockJUnit4ClassRunner.java:57)
	at org.junit.runners.ParentRunner$3.run(ParentRunner.java:290)
	at org.junit.runners.ParentRunner$1.schedule(ParentRunner.java:71)
	at org.junit.runners.ParentRunner.runChildren(ParentRunner.java:288)
	at org.junit.runners.ParentRunner.access$000(ParentRunner.java:58)
	at org.junit.runners.ParentRunner$2.evaluate(ParentRunner.java:268)
	at org.junit.runners.ParentRunner.run(ParentRunner.java:363)
	at org.apache.maven.surefire.junit4.JUnit4Provider.execute(JUnit4Provider.java:283)
	at org.apache.maven.surefire.junit4.JUnit4Provider.executeWithRerun(JUnit4Provider.java:173)
	at org.apache.maven.surefire.junit4.JUnit4Provider.executeTestSet(JUnit4Provider.java:153)
	at org.apache.maven.surefire.junit4.JUnit4Provider.invoke(JUnit4Provider.java:128)
	at org.apache.maven.surefire.booter.ForkedBooter.invokeProviderInSameClassLoader(ForkedBooter.java:203)
	at org.apache.maven.surefire.booter.ForkedBooter.runSuitesInProcess(ForkedBooter.java:155)
	at org.apache.maven.surefire.booter.ForkedBooter.main(ForkedBooter.java:103)
java.lang.NullPointerException
	at com.pluralsight.ControllerServlet.listBooks(ControllerServlet.java:96)
	at com.pluralsight.ControllerServlet.doGet(ControllerServlet.java:72)
	at com.pluralsight.Module2_Task3_thru_6_IT.setUp(Module2_Task3_thru_6_IT.java:54)
	at sun.reflect.NativeMethodAccessorImpl.invoke0(Native Method)
	at sun.reflect.NativeMethodAccessorImpl.invoke(NativeMethodAccessorImpl.java:62)
	at sun.reflect.DelegatingMethodAccessorImpl.invoke(DelegatingMethodAccessorImpl.java:43)
	at java.lang.reflect.Method.invoke(Method.java:498)
	at org.junit.runners.model.FrameworkMethod$1.runReflectiveCall(FrameworkMethod.java:50)
	at org.junit.internal.runners.model.ReflectiveCallable.run(ReflectiveCallable.java:12)
	at org.junit.runners.model.FrameworkMethod.invokeExplosively(FrameworkMethod.java:47)
	at org.junit.internal.runners.statements.RunBefores.evaluate(RunBefores.java:24)
	at org.junit.runners.ParentRunner.runLeaf(ParentRunner.java:325)
	at org.junit.runners.BlockJUnit4ClassRunner.runChild(BlockJUnit4ClassRunner.java:78)
	at org.junit.runners.BlockJUnit4ClassRunner.runChild(BlockJUnit4ClassRunner.java:57)
	at org.junit.runners.ParentRunner$3.run(ParentRunner.java:290)
	at org.junit.runners.ParentRunner$1.schedule(ParentRunner.java:71)
	at org.junit.runners.ParentRunner.runChildren(ParentRunner.java:288)
	at org.junit.runners.ParentRunner.access$000(ParentRunner.java:58)
	at org.junit.runners.ParentRunner$2.evaluate(ParentRunner.java:268)
	at org.junit.runners.ParentRunner.run(ParentRunner.java:363)
	at org.apache.maven.surefire.junit4.JUnit4Provider.execute(JUnit4Provider.java:283)
	at org.apache.maven.surefire.junit4.JUnit4Provider.executeWithRerun(JUnit4Provider.java:173)
	at org.apache.maven.surefire.junit4.JUnit4Provider.executeTestSet(JUnit4Provider.java:153)
	at org.apache.maven.surefire.junit4.JUnit4Provider.invoke(JUnit4Provider.java:128)
	at org.apache.maven.surefire.booter.ForkedBooter.invokeProviderInSameClassLoader(ForkedBooter.java:203)
	at org.apache.maven.surefire.booter.ForkedBooter.runSuitesInProcess(ForkedBooter.java:155)
	at org.apache.maven.surefire.booter.ForkedBooter.main(ForkedBooter.java:103)
java.lang.NullPointerException
	at com.pluralsight.ControllerServlet.listBooks(ControllerServlet.java:96)
	at com.pluralsight.ControllerServlet.doGet(ControllerServlet.java:72)
	at com.pluralsight.Module2_Task3_thru_6_IT.setUp(Module2_Task3_thru_6_IT.java:54)
	at sun.reflect.NativeMethodAccessorImpl.invoke0(Native Method)
	at sun.reflect.NativeMethodAccessorImpl.invoke(NativeMethodAccessorImpl.java:62)
	at sun.reflect.DelegatingMethodAccessorImpl.invoke(DelegatingMethodAccessorImpl.java:43)
	at java.lang.reflect.Method.invoke(Method.java:498)
	at org.junit.runners.model.FrameworkMethod$1.runReflectiveCall(FrameworkMethod.java:50)
	at org.junit.internal.runners.model.ReflectiveCallable.run(ReflectiveCallable.java:12)
	at org.junit.runners.model.FrameworkMethod.invokeExplosively(FrameworkMethod.java:47)
	at org.junit.internal.runners.statements.RunBefores.evaluate(RunBefores.java:24)
	at org.junit.runners.ParentRunner.runLeaf(ParentRunner.java:325)
	at org.junit.runners.BlockJUnit4ClassRunner.runChild(BlockJUnit4ClassRunner.java:78)
	at org.junit.runners.BlockJUnit4ClassRunner.runChild(BlockJUnit4ClassRunner.java:57)
	at org.junit.runners.ParentRunner$3.run(ParentRunner.java:290)
	at org.junit.runners.ParentRunner$1.schedule(ParentRunner.java:71)
	at org.junit.runners.ParentRunner.runChildren(ParentRunner.java:288)
	at org.junit.runners.ParentRunner.access$000(ParentRunner.java:58)
	at org.junit.runners.ParentRunner$2.evaluate(ParentRunner.java:268)
	at org.junit.runners.ParentRunner.run(ParentRunner.java:363)
	at org.apache.maven.surefire.junit4.JUnit4Provider.execute(JUnit4Provider.java:283)
	at org.apache.maven.surefire.junit4.JUnit4Provider.executeWithRerun(JUnit4Provider.java:173)
	at org.apache.maven.surefire.junit4.JUnit4Provider.executeTestSet(JUnit4Provider.java:153)
	at org.apache.maven.surefire.junit4.JUnit4Provider.invoke(JUnit4Provider.java:128)
	at org.apache.maven.surefire.booter.ForkedBooter.invokeProviderInSameClassLoader(ForkedBooter.java:203)
	at org.apache.maven.surefire.booter.ForkedBooter.runSuitesInProcess(ForkedBooter.java:155)
	at org.apache.maven.surefire.booter.ForkedBooter.main(ForkedBooter.java:103)
java.lang.NullPointerException
	at com.pluralsight.ControllerServlet.listBooks(ControllerServlet.java:96)
	at com.pluralsight.ControllerServlet.doGet(ControllerServlet.java:72)
	at com.pluralsight.Module2_Task3_thru_6_IT.setUp(Module2_Task3_thru_6_IT.java:54)
	at sun.reflect.NativeMethodAccessorImpl.invoke0(Native Method)
	at sun.reflect.NativeMethodAccessorImpl.invoke(NativeMethodAccessorImpl.java:62)
	at sun.reflect.DelegatingMethodAccessorImpl.invoke(DelegatingMethodAccessorImpl.java:43)
	at java.lang.reflect.Method.invoke(Method.java:498)
	at org.junit.runners.model.FrameworkMethod$1.runReflectiveCall(FrameworkMethod.java:50)
	at org.junit.internal.runners.model.ReflectiveCallable.run(ReflectiveCallable.java:12)
	at org.junit.runners.model.FrameworkMethod.invokeExplosively(FrameworkMethod.java:47)
	at org.junit.internal.runners.statements.RunBefores.evaluate(RunBefores.java:24)
	at org.junit.runners.ParentRunner.runLeaf(ParentRunner.java:325)
	at org.junit.runners.BlockJUnit4ClassRunner.runChild(BlockJUnit4ClassRunner.java:78)
	at org.junit.runners.BlockJUnit4ClassRunner.runChild(BlockJUnit4ClassRunner.java:57)
	at org.junit.runners.ParentRunner$3.run(ParentRunner.java:290)
	at org.junit.runners.ParentRunner$1.schedule(ParentRunner.java:71)
	at org.junit.runners.ParentRunner.runChildren(ParentRunner.java:288)
	at org.junit.runners.ParentRunner.access$000(ParentRunner.java:58)
	at org.junit.runners.ParentRunner$2.evaluate(ParentRunner.java:268)
	at org.junit.runners.ParentRunner.run(ParentRunner.java:363)
	at org.apache.maven.surefire.junit4.JUnit4Provider.execute(JUnit4Provider.java:283)
	at org.apache.maven.surefire.junit4.JUnit4Provider.executeWithRerun(JUnit4Provider.java:173)
	at org.apache.maven.surefire.junit4.JUnit4Provider.executeTestSet(JUnit4Provider.java:153)
	at org.apache.maven.surefire.junit4.JUnit4Provider.invoke(JUnit4Provider.java:128)
	at org.apache.maven.surefire.booter.ForkedBooter.invokeProviderInSameClassLoader(ForkedBooter.java:203)
	at org.apache.maven.surefire.booter.ForkedBooter.runSuitesInProcess(ForkedBooter.java:155)
	at org.apache.maven.surefire.booter.ForkedBooter.main(ForkedBooter.java:103)
Tests run: 4, Failures: 4, Errors: 0, Skipped: 0, Time elapsed: 0.141 sec <<< FAILURE! - in com.pluralsight.Module2_Task3_thru_6_IT
module2_task3(com.pluralsight.Module2_Task3_thru_6_IT)  Time elapsed: 0.068 sec  <<< FAILURE!
java.lang.AssertionError: In ControllerServlet showEditForm(), did not call getParameter("id").
	at org.junit.Assert.fail(Assert.java:88)
	at org.junit.Assert.assertTrue(Assert.java:41)
	at com.pluralsight.Module2_Task3_thru_6_IT.module2_task3(Module2_Task3_thru_6_IT.java:78)

module2_task4(com.pluralsight.Module2_Task3_thru_6_IT)  Time elapsed: 0.015 sec  <<< FAILURE!
java.lang.AssertionError: In ControllerServlet showEditForm(), did not call request.getRequestDispatcher("BookForm.jsp").
	at org.junit.Assert.fail(Assert.java:88)
	at org.junit.Assert.assertTrue(Assert.java:41)
	at com.pluralsight.Module2_Task3_thru_6_IT.module2_task4(Module2_Task3_thru_6_IT.java:95)

module2_task5(com.pluralsight.Module2_Task3_thru_6_IT)  Time elapsed: 0.026 sec  <<< FAILURE!
java.lang.AssertionError: In ControllerServlet showEditForm(), did not call request.setAttribute("book", bookObject);.
	at org.junit.Assert.fail(Assert.java:88)
	at org.junit.Assert.assertTrue(Assert.java:41)
	at com.pluralsight.Module2_Task3_thru_6_IT.module2_task5(Module2_Task3_thru_6_IT.java:109)

module2_task6(com.pluralsight.Module2_Task3_thru_6_IT)  Time elapsed: 0.011 sec  <<< FAILURE!
java.lang.AssertionError: In ControllerServlet showEditForm(), did not call dispatcher.forward(request, response);.
	at org.junit.Assert.fail(Assert.java:88)
	at org.junit.Assert.assertTrue(Assert.java:41)
	at com.pluralsight.Module2_Task3_thru_6_IT.module2_task6(Module2_Task3_thru_6_IT.java:123)

Running com.pluralsight.Module2_Task7_thru10_IT
Tests run: 4, Failures: 2, Errors: 0, Skipped: 0, Time elapsed: 0 sec <<< FAILURE! - in com.pluralsight.Module2_Task7_thru10_IT
module2_task7(com.pluralsight.Module2_Task7_thru10_IT)  Time elapsed: 0 sec  <<< FAILURE!
java.lang.AssertionError: Form is null.
	at org.junit.Assert.fail(Assert.java:88)
	at org.junit.Assert.assertTrue(Assert.java:41)
	at org.junit.Assert.assertNotNull(Assert.java:712)
	at com.pluralsight.Module2_Task7_thru10_IT.checkForm(Module2_Task7_thru10_IT.java:118)
	at com.pluralsight.Module2_Task7_thru10_IT.module2_task7(Module2_Task7_thru10_IT.java:61)

module2_task9(com.pluralsight.Module2_Task7_thru10_IT)  Time elapsed: 0 sec  <<< FAILURE!
java.lang.AssertionError: h2 text =  , desiredText = EditBookForm
	at org.junit.Assert.fail(Assert.java:88)
	at org.junit.Assert.assertTrue(Assert.java:41)
	at com.pluralsight.Module2_Task7_thru10_IT.h2_correct(Module2_Task7_thru10_IT.java:97)
	at com.pluralsight.Module2_Task7_thru10_IT.module2_task9(Module2_Task7_thru10_IT.java:72)

Running com.pluralsight.Module3_Task1_thru_5_IT
Tests run: 5, Failures: 5, Errors: 0, Skipped: 0, Time elapsed: 0.293 sec <<< FAILURE! - in com.pluralsight.Module3_Task1_thru_5_IT
module3_Task1(com.pluralsight.Module3_Task1_thru_5_IT)  Time elapsed: 0.269 sec  <<< FAILURE!
java.lang.AssertionError: The method updateBook() doesn't exist in BookDAO.java.
	at org.junit.Assert.fail(Assert.java:88)
	at org.junit.Assert.assertTrue(Assert.java:41)
	at org.junit.Assert.assertNotNull(Assert.java:712)
	at com.pluralsight.Module3_Task1_thru_5_IT.module3_Task1(Module3_Task1_thru_5_IT.java:62)

module3_Task2(com.pluralsight.Module3_Task1_thru_5_IT)  Time elapsed: 0.017 sec  <<< FAILURE!
java.lang.AssertionError: The method updateBook() doesn't call prepareStatement() correctly.
	at org.junit.Assert.fail(Assert.java:88)
	at org.junit.Assert.assertTrue(Assert.java:41)
	at com.pluralsight.Module3_Task1_thru_5_IT.module3_Task2(Module3_Task1_thru_5_IT.java:73)

module3_Task3(com.pluralsight.Module3_Task1_thru_5_IT)  Time elapsed: 0.002 sec  <<< FAILURE!
java.lang.AssertionError: The method updateBook() doesn't call setString() for the title.
	at org.junit.Assert.fail(Assert.java:88)
	at org.junit.Assert.assertTrue(Assert.java:41)
	at com.pluralsight.Module3_Task1_thru_5_IT.module3_Task3(Module3_Task1_thru_5_IT.java:86)

module3_Task4(com.pluralsight.Module3_Task1_thru_5_IT)  Time elapsed: 0.002 sec  <<< FAILURE!
java.lang.AssertionError: The method updateBook() doesn't call setFloat() for the price.
	at org.junit.Assert.fail(Assert.java:88)
	at org.junit.Assert.assertTrue(Assert.java:41)
	at com.pluralsight.Module3_Task1_thru_5_IT.module3_Task4(Module3_Task1_thru_5_IT.java:102)

module3_Task5(com.pluralsight.Module3_Task1_thru_5_IT)  Time elapsed: 0.001 sec  <<< FAILURE!
java.lang.AssertionError: The method updateBook() doesn't call executeUpdate().
	at org.junit.Assert.fail(Assert.java:88)
	at org.junit.Assert.assertTrue(Assert.java:41)
	at com.pluralsight.Module3_Task1_thru_5_IT.module3_Task5(Module3_Task1_thru_5_IT.java:118)

Running com.pluralsight.Module3_Task6_and_7_IT
java.lang.NullPointerException
	at com.pluralsight.ControllerServlet.listBooks(ControllerServlet.java:92)
	at sun.reflect.NativeMethodAccessorImpl.invoke0(Native Method)
	at sun.reflect.NativeMethodAccessorImpl.invoke(NativeMethodAccessorImpl.java:62)
	at sun.reflect.DelegatingMethodAccessorImpl.invoke(DelegatingMethodAccessorImpl.java:43)
	at java.lang.reflect.Method.invoke(Method.java:498)
	at org.powermock.core.MockGateway.doMethodCall(MockGateway.java:182)
	at org.powermock.core.MockGateway.doMethodCall(MockGateway.java:164)
	at org.powermock.core.MockGateway.methodCall(MockGateway.java:134)
	at com.pluralsight.ControllerServlet.listBooks(ControllerServlet.java)
	at com.pluralsight.ControllerServlet.doGet(ControllerServlet.java:72)
	at com.pluralsight.Module3_Task6_and_7_IT.setUp(Module3_Task6_and_7_IT.java:53)
	at sun.reflect.NativeMethodAccessorImpl.invoke0(Native Method)
	at sun.reflect.NativeMethodAccessorImpl.invoke(NativeMethodAccessorImpl.java:62)
	at sun.reflect.DelegatingMethodAccessorImpl.invoke(DelegatingMethodAccessorImpl.java:43)
	at java.lang.reflect.Method.invoke(Method.java:498)
	at org.junit.internal.runners.MethodRoadie.runBefores(MethodRoadie.java:133)
	at org.junit.internal.runners.MethodRoadie.runBeforesThenTestThenAfters(MethodRoadie.java:96)
	at org.powermock.modules.junit4.internal.impl.PowerMockJUnit44RunnerDelegateImpl$PowerMockJUnit44MethodRunner.executeTest(PowerMockJUnit44RunnerDelegateImpl.java:310)
	at org.powermock.modules.junit4.internal.impl.PowerMockJUnit47RunnerDelegateImpl$PowerMockJUnit47MethodRunner.executeTestInSuper(PowerMockJUnit47RunnerDelegateImpl.java:131)
	at org.powermock.modules.junit4.internal.impl.PowerMockJUnit47RunnerDelegateImpl$PowerMockJUnit47MethodRunner.access$100(PowerMockJUnit47RunnerDelegateImpl.java:59)
	at org.powermock.modules.junit4.internal.impl.PowerMockJUnit47RunnerDelegateImpl$PowerMockJUnit47MethodRunner$TestExecutorStatement.evaluate(PowerMockJUnit47RunnerDelegateImpl.java:147)
	at org.powermock.modules.junit4.internal.impl.PowerMockJUnit47RunnerDelegateImpl$PowerMockJUnit47MethodRunner.evaluateStatement(PowerMockJUnit47RunnerDelegateImpl.java:107)
	at org.powermock.modules.junit4.internal.impl.PowerMockJUnit47RunnerDelegateImpl$PowerMockJUnit47MethodRunner.executeTest(PowerMockJUnit47RunnerDelegateImpl.java:82)
	at org.powermock.modules.junit4.internal.impl.PowerMockJUnit44RunnerDelegateImpl$PowerMockJUnit44MethodRunner.runBeforesThenTestThenAfters(PowerMockJUnit44RunnerDelegateImpl.java:298)
	at org.junit.internal.runners.MethodRoadie.runTest(MethodRoadie.java:87)
	at org.junit.internal.runners.MethodRoadie.run(MethodRoadie.java:50)
	at org.powermock.modules.junit4.internal.impl.PowerMockJUnit44RunnerDelegateImpl.invokeTestMethod(PowerMockJUnit44RunnerDelegateImpl.java:218)
	at org.powermock.modules.junit4.internal.impl.PowerMockJUnit44RunnerDelegateImpl.runMethods(PowerMockJUnit44RunnerDelegateImpl.java:160)
	at org.powermock.modules.junit4.internal.impl.PowerMockJUnit44RunnerDelegateImpl$1.run(PowerMockJUnit44RunnerDelegateImpl.java:134)
	at org.junit.internal.runners.ClassRoadie.runUnprotected(ClassRoadie.java:34)
	at org.junit.internal.runners.ClassRoadie.runProtected(ClassRoadie.java:44)
	at org.powermock.modules.junit4.internal.impl.PowerMockJUnit44RunnerDelegateImpl.run(PowerMockJUnit44RunnerDelegateImpl.java:136)
	at org.powermock.modules.junit4.common.internal.impl.JUnit4TestSuiteChunkerImpl.run(JUnit4TestSuiteChunkerImpl.java:117)
	at org.powermock.modules.junit4.common.internal.impl.AbstractCommonPowerMockRunner.run(AbstractCommonPowerMockRunner.java:57)
	at org.powermock.modules.junit4.PowerMockRunner.run(PowerMockRunner.java:59)
	at org.apache.maven.surefire.junit4.JUnit4Provider.execute(JUnit4Provider.java:283)
	at org.apache.maven.surefire.junit4.JUnit4Provider.executeWithRerun(JUnit4Provider.java:173)
	at org.apache.maven.surefire.junit4.JUnit4Provider.executeTestSet(JUnit4Provider.java:153)
	at org.apache.maven.surefire.junit4.JUnit4Provider.invoke(JUnit4Provider.java:128)
	at org.apache.maven.surefire.booter.ForkedBooter.invokeProviderInSameClassLoader(ForkedBooter.java:203)
	at org.apache.maven.surefire.booter.ForkedBooter.runSuitesInProcess(ForkedBooter.java:155)
	at org.apache.maven.surefire.booter.ForkedBooter.main(ForkedBooter.java:103)
java.lang.NullPointerException
	at com.pluralsight.ControllerServlet.listBooks(ControllerServlet.java:92)
	at sun.reflect.NativeMethodAccessorImpl.invoke0(Native Method)
	at sun.reflect.NativeMethodAccessorImpl.invoke(NativeMethodAccessorImpl.java:62)
	at sun.reflect.DelegatingMethodAccessorImpl.invoke(DelegatingMethodAccessorImpl.java:43)
	at java.lang.reflect.Method.invoke(Method.java:498)
	at org.powermock.core.MockGateway.doMethodCall(MockGateway.java:182)
	at org.powermock.core.MockGateway.doMethodCall(MockGateway.java:164)
	at org.powermock.core.MockGateway.methodCall(MockGateway.java:134)
	at com.pluralsight.ControllerServlet.listBooks(ControllerServlet.java)
	at com.pluralsight.ControllerServlet.doGet(ControllerServlet.java:72)
	at com.pluralsight.Module3_Task6_and_7_IT.setUp(Module3_Task6_and_7_IT.java:53)
	at sun.reflect.NativeMethodAccessorImpl.invoke0(Native Method)
	at sun.reflect.NativeMethodAccessorImpl.invoke(NativeMethodAccessorImpl.java:62)
	at sun.reflect.DelegatingMethodAccessorImpl.invoke(DelegatingMethodAccessorImpl.java:43)
	at java.lang.reflect.Method.invoke(Method.java:498)
	at org.junit.internal.runners.MethodRoadie.runBefores(MethodRoadie.java:133)
	at org.junit.internal.runners.MethodRoadie.runBeforesThenTestThenAfters(MethodRoadie.java:96)
	at org.powermock.modules.junit4.internal.impl.PowerMockJUnit44RunnerDelegateImpl$PowerMockJUnit44MethodRunner.executeTest(PowerMockJUnit44RunnerDelegateImpl.java:310)
	at org.powermock.modules.junit4.internal.impl.PowerMockJUnit47RunnerDelegateImpl$PowerMockJUnit47MethodRunner.executeTestInSuper(PowerMockJUnit47RunnerDelegateImpl.java:131)
	at org.powermock.modules.junit4.internal.impl.PowerMockJUnit47RunnerDelegateImpl$PowerMockJUnit47MethodRunner.access$100(PowerMockJUnit47RunnerDelegateImpl.java:59)
	at org.powermock.modules.junit4.internal.impl.PowerMockJUnit47RunnerDelegateImpl$PowerMockJUnit47MethodRunner$TestExecutorStatement.evaluate(PowerMockJUnit47RunnerDelegateImpl.java:147)
	at org.powermock.modules.junit4.internal.impl.PowerMockJUnit47RunnerDelegateImpl$PowerMockJUnit47MethodRunner.evaluateStatement(PowerMockJUnit47RunnerDelegateImpl.java:107)
	at org.powermock.modules.junit4.internal.impl.PowerMockJUnit47RunnerDelegateImpl$PowerMockJUnit47MethodRunner.executeTest(PowerMockJUnit47RunnerDelegateImpl.java:82)
	at org.powermock.modules.junit4.internal.impl.PowerMockJUnit44RunnerDelegateImpl$PowerMockJUnit44MethodRunner.runBeforesThenTestThenAfters(PowerMockJUnit44RunnerDelegateImpl.java:298)
	at org.junit.internal.runners.MethodRoadie.runTest(MethodRoadie.java:87)
	at org.junit.internal.runners.MethodRoadie.run(MethodRoadie.java:50)
	at org.powermock.modules.junit4.internal.impl.PowerMockJUnit44RunnerDelegateImpl.invokeTestMethod(PowerMockJUnit44RunnerDelegateImpl.java:218)
	at org.powermock.modules.junit4.internal.impl.PowerMockJUnit44RunnerDelegateImpl.runMethods(PowerMockJUnit44RunnerDelegateImpl.java:160)
	at org.powermock.modules.junit4.internal.impl.PowerMockJUnit44RunnerDelegateImpl$1.run(PowerMockJUnit44RunnerDelegateImpl.java:134)
	at org.junit.internal.runners.ClassRoadie.runUnprotected(ClassRoadie.java:34)
	at org.junit.internal.runners.ClassRoadie.runProtected(ClassRoadie.java:44)
	at org.powermock.modules.junit4.internal.impl.PowerMockJUnit44RunnerDelegateImpl.run(PowerMockJUnit44RunnerDelegateImpl.java:136)
	at org.powermock.modules.junit4.common.internal.impl.JUnit4TestSuiteChunkerImpl.run(JUnit4TestSuiteChunkerImpl.java:117)
	at org.powermock.modules.junit4.common.internal.impl.AbstractCommonPowerMockRunner.run(AbstractCommonPowerMockRunner.java:57)
	at org.powermock.modules.junit4.PowerMockRunner.run(PowerMockRunner.java:59)
	at org.apache.maven.surefire.junit4.JUnit4Provider.execute(JUnit4Provider.java:283)
	at org.apache.maven.surefire.junit4.JUnit4Provider.executeWithRerun(JUnit4Provider.java:173)
	at org.apache.maven.surefire.junit4.JUnit4Provider.executeTestSet(JUnit4Provider.java:153)
	at org.apache.maven.surefire.junit4.JUnit4Provider.invoke(JUnit4Provider.java:128)
	at org.apache.maven.surefire.booter.ForkedBooter.invokeProviderInSameClassLoader(ForkedBooter.java:203)
	at org.apache.maven.surefire.booter.ForkedBooter.runSuitesInProcess(ForkedBooter.java:155)
	at org.apache.maven.surefire.booter.ForkedBooter.main(ForkedBooter.java:103)
Tests run: 2, Failures: 2, Errors: 0, Skipped: 0, Time elapsed: 0.921 sec <<< FAILURE! - in com.pluralsight.Module3_Task6_and_7_IT
module3_task6(com.pluralsight.Module3_Task6_and_7_IT)  Time elapsed: 0.743 sec  <<< FAILURE!
java.lang.AssertionError: private void updateBook() does not exist in ControllerServlet
	at org.junit.Assert.fail(Assert.java:88)
	at org.junit.Assert.assertTrue(Assert.java:41)
	at org.junit.Assert.assertNotNull(Assert.java:712)
	at com.pluralsight.Module3_Task6_and_7_IT.module3_task6(Module3_Task6_and_7_IT.java:67)

module3_task7(com.pluralsight.Module3_Task6_and_7_IT)  Time elapsed: 0.017 sec  <<< FAILURE!
java.lang.AssertionError: After action "/update", did not call updateBook().
	at org.junit.Assert.fail(Assert.java:88)
	at org.junit.Assert.assertTrue(Assert.java:41)
	at com.pluralsight.Module3_Task6_and_7_IT.module3_task7(Module3_Task6_and_7_IT.java:80)

Running com.pluralsight.Module3_Task8_thru_11_IT
Tests run: 4, Failures: 4, Errors: 0, Skipped: 0, Time elapsed: 0 sec <<< FAILURE! - in com.pluralsight.Module3_Task8_thru_11_IT
module3_task10(com.pluralsight.Module3_Task8_thru_11_IT)  Time elapsed: 0 sec  <<< FAILURE!
java.lang.AssertionError: private void updateBook() does not exist in ControllerServlet
	at org.junit.Assert.fail(Assert.java:88)
	at org.junit.Assert.assertTrue(Assert.java:41)
	at org.junit.Assert.assertNotNull(Assert.java:712)
	at com.pluralsight.Module3_Task8_thru_11_IT.setUp(Module3_Task8_thru_11_IT.java:77)

module3_task11(com.pluralsight.Module3_Task8_thru_11_IT)  Time elapsed: 0 sec  <<< FAILURE!
java.lang.AssertionError: private void updateBook() does not exist in ControllerServlet
	at org.junit.Assert.fail(Assert.java:88)
	at org.junit.Assert.assertTrue(Assert.java:41)
	at org.junit.Assert.assertNotNull(Assert.java:712)
	at com.pluralsight.Module3_Task8_thru_11_IT.setUp(Module3_Task8_thru_11_IT.java:77)

module3_task8(com.pluralsight.Module3_Task8_thru_11_IT)  Time elapsed: 0 sec  <<< FAILURE!
java.lang.AssertionError: private void updateBook() does not exist in ControllerServlet
	at org.junit.Assert.fail(Assert.java:88)
	at org.junit.Assert.assertTrue(Assert.java:41)
	at org.junit.Assert.assertNotNull(Assert.java:712)
	at com.pluralsight.Module3_Task8_thru_11_IT.setUp(Module3_Task8_thru_11_IT.java:77)

module3_task9(com.pluralsight.Module3_Task8_thru_11_IT)  Time elapsed: 0 sec  <<< FAILURE!
java.lang.AssertionError: private void updateBook() does not exist in ControllerServlet
	at org.junit.Assert.fail(Assert.java:88)
	at org.junit.Assert.assertTrue(Assert.java:41)
	at org.junit.Assert.assertNotNull(Assert.java:712)
	at com.pluralsight.Module3_Task8_thru_11_IT.setUp(Module3_Task8_thru_11_IT.java:77)


Results :

Failed tests: 
  Module1_Task1_IT.module1_task1:38->url_contains_id:53 The Delete anchor's href does not contain the id.
  Module1_Task2_IT.module1_task2:39 private void deleteBook() does not exist in ControllerServlet
  Module1_Task3_IT.module1_task3:55 After action "/delete", did not call deleteBook().
  Module1_Task4_IT.module1_task4:23 The method deleteBook() doesn't exist in BookDAO.java.
  Module1_Task5_IT.module1_task5:46 The method deleteBook() doesn't exist in BookDAO.java.
  Module1_Task6_IT.module1_task6:48 The method deleteBook() doesn't exist in BookDAO.java.
  Module1_Task7_and_8_IT.setUp:60 private void deleteBook() does not exist in ControllerServlet
  Module1_Task7_and_8_IT.setUp:60 private void deleteBook() does not exist in ControllerServlet
  Module2_Task11_thru_14_IT.module2_task11:53 Form is null.
  Module2_Task11_thru_14_IT.module2_task12:76 Form is null.
  Module2_Task11_thru_14_IT.module2_task13:91 Form is null.
  Module2_Task11_thru_14_IT.module2_task14:107 Form is null.
  Module2_Task1_IT.module2_task1:39 private void showEditForm() does not exist in ControllerServlet
  Module2_Task2_IT.module1_task2:55 After action "/edit", did not call showEditForm().
  Module2_Task3_thru_6_IT.module2_task3:78 In ControllerServlet showEditForm(), did not call getParameter("id").
  Module2_Task3_thru_6_IT.module2_task4:95 In ControllerServlet showEditForm(), did not call request.getRequestDispatcher("BookForm.jsp").
  Module2_Task3_thru_6_IT.module2_task5:109 In ControllerServlet showEditForm(), did not call request.setAttribute("book", bookObject);.
  Module2_Task3_thru_6_IT.module2_task6:123 In ControllerServlet showEditForm(), did not call dispatcher.forward(request, response);.
  Module2_Task7_thru10_IT.module2_task7:61->checkForm:118 Form is null.
  Module2_Task7_thru10_IT.module2_task9:72->h2_correct:97 h2 text =  , desiredText = EditBookForm
  Module3_Task1_thru_5_IT.module3_Task1:62 The method updateBook() doesn't exist in BookDAO.java.
  Module3_Task1_thru_5_IT.module3_Task2:73 The method updateBook() doesn't call prepareStatement() correctly.
  Module3_Task1_thru_5_IT.module3_Task3:86 The method updateBook() doesn't call setString() for the title.
  Module3_Task1_thru_5_IT.module3_Task4:102 The method updateBook() doesn't call setFloat() for the price.
  Module3_Task1_thru_5_IT.module3_Task5:118 The method updateBook() doesn't call executeUpdate().
  Module3_Task6_and_7_IT.module3_task6:67 private void updateBook() does not exist in ControllerServlet
  Module3_Task6_and_7_IT.module3_task7:80 After action "/update", did not call updateBook().
  Module3_Task8_thru_11_IT.setUp:77 private void updateBook() does not exist in ControllerServlet
  Module3_Task8_thru_11_IT.setUp:77 private void updateBook() does not exist in ControllerServlet
  Module3_Task8_thru_11_IT.setUp:77 private void updateBook() does not exist in ControllerServlet
  Module3_Task8_thru_11_IT.setUp:77 private void updateBook() does not exist in ControllerServlet

Tests run: 33, Failures: 31, Errors: 0, Skipped: 0

[ERROR] Failed to execute goal org.apache.maven.plugins:maven-failsafe-plugin:2.18.1:verify (default) on project bookstore: There are test failures.
[ERROR] 
[ERROR] Please refer to /opt/Java-BookStore/target/failsafe-reports for the individual test results.
[ERROR] -> [Help 1]
org.apache.maven.lifecycle.LifecycleExecutionException: Failed to execute goal org.apache.maven.plugins:maven-failsafe-plugin:2.18.1:verify (default) on project bookstore: There are test failures.

Please refer to /opt/Java-BookStore/target/failsafe-reports for the individual test results.
    at org.apache.maven.lifecycle.internal.MojoExecutor.execute (MojoExecutor.java:213)
    at org.apache.maven.lifecycle.internal.MojoExecutor.execute (MojoExecutor.java:154)
    at org.apache.maven.lifecycle.internal.MojoExecutor.execute (MojoExecutor.java:146)
    at org.apache.maven.lifecycle.internal.LifecycleModuleBuilder.buildProject (LifecycleModuleBuilder.java:117)
    at org.apache.maven.lifecycle.internal.builder.multithreaded.MultiThreadedBuilder$1.call (MultiThreadedBuilder.java:200)
    at org.apache.maven.lifecycle.internal.builder.multithreaded.MultiThreadedBuilder$1.call (MultiThreadedBuilder.java:196)
    at java.util.concurrent.FutureTask.run (FutureTask.java:266)
    at java.util.concurrent.Executors$RunnableAdapter.call (Executors.java:511)
    at java.util.concurrent.FutureTask.run (FutureTask.java:266)
    at java.util.concurrent.ThreadPoolExecutor.runWorker (ThreadPoolExecutor.java:1149)
    at java.util.concurrent.ThreadPoolExecutor$Worker.run (ThreadPoolExecutor.java:624)
    at java.lang.Thread.run (Thread.java:748)
Caused by: org.apache.maven.plugin.MojoFailureException: There are test failures.

Please refer to /opt/Java-BookStore/target/failsafe-reports for the individual test results.
    at org.apache.maven.plugin.surefire.SurefireHelper.reportExecution (SurefireHelper.java:82)
    at org.apache.maven.plugin.failsafe.VerifyMojo.execute (VerifyMojo.java:195)
    at org.apache.maven.plugin.DefaultBuildPluginManager.executeMojo (DefaultBuildPluginManager.java:137)
    at org.apache.maven.lifecycle.internal.MojoExecutor.execute (MojoExecutor.java:208)
    at org.apache.maven.lifecycle.internal.MojoExecutor.execute (MojoExecutor.java:154)
    at org.apache.maven.lifecycle.internal.MojoExecutor.execute (MojoExecutor.java:146)
    at org.apache.maven.lifecycle.internal.LifecycleModuleBuilder.buildProject (LifecycleModuleBuilder.java:117)
    at org.apache.maven.lifecycle.internal.builder.multithreaded.MultiThreadedBuilder$1.call (MultiThreadedBuilder.java:200)
    at org.apache.maven.lifecycle.internal.builder.multithreaded.MultiThreadedBuilder$1.call (MultiThreadedBuilder.java:196)
    at java.util.concurrent.FutureTask.run (FutureTask.java:266)
    at java.util.concurrent.Executors$RunnableAdapter.call (Executors.java:511)
    at java.util.concurrent.FutureTask.run (FutureTask.java:266)
    at java.util.concurrent.ThreadPoolExecutor.runWorker (ThreadPoolExecutor.java:1149)
    at java.util.concurrent.ThreadPoolExecutor$Worker.run (ThreadPoolExecutor.java:624)
    at java.lang.Thread.run (Thread.java:748)
[ERROR] 
[ERROR] Re-run Maven using the -X switch to enable full debug logging.
[ERROR] 
[ERROR] For more information about the errors and possible solutions, please read the following articles:
[ERROR] [Help 1] http://cwiki.apache.org/confluence/display/MAVEN/MojoFailureException
